* using log directory ‘/Users/kaelynfogelman/Documents/GitHub/Final_Project_Group_5/macklinear.Rcheck’
* using R version 3.6.0 (2019-04-26)
* using platform: x86_64-apple-darwin15.6.0 (64-bit)
* using session charset: UTF-8
* using options ‘--no-manual --as-cran’
* checking for file ‘macklinear/DESCRIPTION’ ... OK
* checking extension type ... Package
* this is package ‘macklinear’ version ‘1.0’
* package encoding: UTF-8
* checking package namespace information ... OK
* checking package dependencies ... OK
* checking if this is a source package ... OK
* checking if there is a namespace ... OK
* checking for executable files ... OK
* checking for hidden files and directories ... OK
* checking for portable file names ... OK
* checking for sufficient/correct file permissions ... OK
* checking serialization versions ... OK
* checking whether package ‘macklinear’ can be installed ... WARNING
Found the following significant warnings:
  Warning: /Users/kaelynfogelman/Documents/GitHub/Final_Project_Group_5/macklinear.Rcheck/00_pkg_src/macklinear/man/my_lm.Rd:16: unknown macro '\item'
  Warning: /Users/kaelynfogelman/Documents/GitHub/Final_Project_Group_5/macklinear.Rcheck/00_pkg_src/macklinear/man/my_lm.Rd:18: unexpected section header '\value'
  Warning: /Users/kaelynfogelman/Documents/GitHub/Final_Project_Group_5/macklinear.Rcheck/00_pkg_src/macklinear/man/my_lm.Rd:35: unexpected section header '\description'
  Warning: /Users/kaelynfogelman/Documents/GitHub/Final_Project_Group_5/macklinear.Rcheck/00_pkg_src/macklinear/man/my_lm.Rd:38: unexpected section header '\examples'
  Warning: /Users/kaelynfogelman/Documents/GitHub/Final_Project_Group_5/macklinear.Rcheck/00_pkg_src/macklinear/man/my_lm.Rd:44: unexpected END_OF_INPUT '
  Warning: /Users/kaelynfogelman/Documents/GitHub/Final_Project_Group_5/macklinear.Rcheck/00_pkg_src/macklinear/man/plot_func.Rd:15: unknown macro '\plot'
See ‘/Users/kaelynfogelman/Documents/GitHub/Final_Project_Group_5/macklinear.Rcheck/00install.out’ for details.
* checking installed package size ... OK
* checking package directory ... OK
* checking for future file timestamps ... OK
* checking DESCRIPTION meta-information ... WARNING
Non-standard license specification:
  use_mit_license()
Standardizable: FALSE
* checking top-level files ... NOTE
Non-standard file/directory found at top level:
  ‘Rplots.pdf’
* checking for left-over files ... OK
* checking index information ... OK
* checking package subdirectories ... OK
* checking R files for non-ASCII characters ... OK
* checking R files for syntax errors ... OK
* checking whether the package can be loaded ... OK
* checking whether the package can be loaded with stated dependencies ... OK
* checking whether the package can be unloaded cleanly ... OK
* checking whether the namespace can be loaded with stated dependencies ... OK
* checking whether the namespace can be unloaded cleanly ... OK
* checking dependencies in R code ... WARNING
'::' or ':::' import not declared from: ‘shiny’
* checking S3 generic/method consistency ... OK
* checking replacement functions ... OK
* checking foreign function calls ... OK
* checking R code for possible problems ... NOTE
my_lm: no visible global function definition for ‘pf’
my_lm: no visible global function definition for ‘qnorm’
my_lm: no visible global function definition for ‘quantile’
plot_func: no visible global function definition for ‘plot’
plot_func: no visible global function definition for ‘qqnorm’
plot_func: no visible global function definition for ‘qqline’
plot_func: no visible global function definition for ‘hist’
Undefined global functions or variables:
  hist pf plot qnorm qqline qqnorm quantile
Consider adding
  importFrom("graphics", "hist", "plot")
  importFrom("stats", "pf", "qnorm", "qqline", "qqnorm", "quantile")
to your NAMESPACE file.
* checking Rd files ... WARNING
prepare_Rd: man/my_lm.Rd:16: unknown macro '\item'
prepare_Rd: man/my_lm.Rd:18: unexpected section header '\value'
prepare_Rd: man/my_lm.Rd:35: unexpected section header '\description'
prepare_Rd: man/my_lm.Rd:38: unexpected section header '\examples'
prepare_Rd: man/my_lm.Rd:44: unexpected END_OF_INPUT '
'
checkRd: (5) my_lm.Rd:0-45: Must have a \description
prepare_Rd: man/plot_func.Rd:15: unknown macro '\plot'
prepare_Rd: plot_func.Rd:20-22: Dropping empty section \description
checkRd: (5) plot_func.Rd:0-30: Must have a \description
* checking Rd metadata ... OK
* checking Rd line widths ... OK
* checking Rd cross-references ... OK
* checking for missing documentation entries ... WARNING
Undocumented code objects:
  ‘MyLM_gui’
All user-level objects in a package should have documentation entries.
See chapter ‘Writing R documentation files’ in the ‘Writing R
Extensions’ manual.
* checking for code/documentation mismatches ... OK
* checking Rd \usage sections ... WARNING
Undocumented arguments in documentation object 'my_lm'
  ‘method’ ‘intercept’

Functions with \usage entries need to have the appropriate \alias
entries, and all their arguments documented.
The \usage entries must correspond to syntactically valid R code.
See chapter ‘Writing R documentation files’ in the ‘Writing R
Extensions’ manual.
* checking Rd contents ... OK
* checking for unstated dependencies in examples ... OK
* checking examples ... ERROR
Running examples in ‘macklinear-Ex.R’ failed
The error most likely occurred in:

> base::assign(".ptime", proc.time(), pos = "CheckExEnv")
> ### Name: plot_func
> ### Title: Linear Regression Plot
> ### Aliases: plot_func
> 
> ### ** Examples
> 
> fit_my_lm <- my_lm(hubble$y, hubble$x, 0.05, "bootstrap")
Error in as.matrix(response) : object 'hubble' not found
Calls: my_lm -> as.matrix
Execution halted
* DONE
Status: 1 ERROR, 6 WARNINGs, 2 NOTEs
